1614702089204	geckodriver	INFO	Listening on 127.0.0.1:64022
1614702092306	mozrunner::runner	INFO	Running command: "C:\\Program Files\\Mozilla Firefox\\firefox.exe" "--marionette" "-foreground" "-no-remote" "-profile" "C:\\Users\\UDITDA~1\\AppData\\Local\\Temp\\rust_mozprofile8eyFJG"
LdrLoadDll: Blocking load of 'nahimic2devprops.dll' -- see http://www.mozilla.com/en-US/blocklist/
LdrLoadDll: Blocking load of 'nahimic2osd.dll' -- see http://www.mozilla.com/en-US/blocklist/
LdrLoadDll: Blocking load of 'nahimic2devprops.dll' -- see http://www.mozilla.com/en-US/blocklist/
LdrLoadDll: Blocking load of 'nahimic2osd.dll' -- see http://www.mozilla.com/en-US/blocklist/
LdrLoadDll: Blocking load of 'nahimic2devprops.dll' -- see http://www.mozilla.com/en-US/blocklist/
LdrLoadDll: Blocking load of 'nahimic2osd.dll' -- see http://www.mozilla.com/en-US/blocklist/
LdrLoadDll: Blocking load of 'nahimic2devprops.dll' -- see http://www.mozilla.com/en-US/blocklist/
LdrLoadDll: Blocking load of 'nahimic2osd.dll' -- see http://www.mozilla.com/en-US/blocklist/
LdrLoadDll: Blocking load of 'nahimic2devprops.dll' -- see http://www.mozilla.com/en-US/blocklist/
LdrLoadDll: Blocking load of 'nahimic2osd.dll' -- see http://www.mozilla.com/en-US/blocklist/
LdrLoadDll: Blocking load of 'nahimic2devprops.dll' -- see http://www.mozilla.com/en-US/blocklist/
LdrLoadDll: Blocking load of 'nahimic2osd.dll' -- see http://www.mozilla.com/en-US/blocklist/
console.warn: SearchSettings: "get: No settings file exists, new profile?" (new Error("", "(unknown module)"))
LdrLoadDll: Blocking load of 'nahimic2devprops.dll' -- see http://www.mozilla.com/en-US/blocklist/
LdrLoadDll: Blocking load of 'nahimic2osd.dll' -- see http://www.mozilla.com/en-US/blocklist/
LdrLoadDll: Blocking load of 'nahimic2devprops.dll' -- see http://www.mozilla.com/en-US/blocklist/
LdrLoadDll: Blocking load of 'nahimic2osd.dll' -- see http://www.mozilla.com/en-US/blocklist/
1614702094846	Marionette	INFO	Listening on port 64030
1614702094974	Marionette	WARN	TLS certificate errors will be ignored for this session
1614702094985	Marionette	ERROR	[15] No reply from Marionette:Register
console.warn: SearchSettings: "get: No settings file exists, new profile?" (new Error("", "(unknown module)"))
1614702097668	Marionette	WARN	Ignoring event 'pageshow' because document has an invalid readyState of 'uninitialized'.
LdrLoadDll: Blocking load of 'nahimic2devprops.dll' -- see http://www.mozilla.com/en-US/blocklist/
LdrLoadDll: Blocking load of 'nahimic2osd.dll' -- see http://www.mozilla.com/en-US/blocklist/
LdrLoadDll: Blocking load of 'nahimic2devprops.dll' -- see http://www.mozilla.com/en-US/blocklist/
LdrLoadDll: Blocking load of 'nahimic2osd.dll' -- see http://www.mozilla.com/en-US/blocklist/
LdrLoadDll: Blocking load of 'nahimic2devprops.dll' -- see http://www.mozilla.com/en-US/blocklist/
LdrLoadDll: Blocking load of 'nahimic2osd.dll' -- see http://www.mozilla.com/en-US/blocklist/
1614702125480	Marionette	INFO	Stopped listening on port 64030

###!!! [Child][RunMessage] Error: Channel closing: too late to send/recv, messages will be lost

1614702155771	geckodriver	INFO	Listening on 127.0.0.1:64114
1614702158872	mozrunner::runner	INFO	Running command: "C:\\Program Files\\Mozilla Firefox\\firefox.exe" "--marionette" "-foreground" "-no-remote" "-profile" "C:\\Users\\UDITDA~1\\AppData\\Local\\Temp\\rust_mozprofileoJhG5L"
LdrLoadDll: Blocking load of 'nahimic2devprops.dll' -- see http://www.mozilla.com/en-US/blocklist/
LdrLoadDll: Blocking load of 'nahimic2osd.dll' -- see http://www.mozilla.com/en-US/blocklist/
LdrLoadDll: Blocking load of 'nahimic2devprops.dll' -- see http://www.mozilla.com/en-US/blocklist/
LdrLoadDll: Blocking load of 'nahimic2osd.dll' -- see http://www.mozilla.com/en-US/blocklist/
LdrLoadDll: Blocking load of 'nahimic2devprops.dll' -- see http://www.mozilla.com/en-US/blocklist/
LdrLoadDll: Blocking load of 'nahimic2osd.dll' -- see http://www.mozilla.com/en-US/blocklist/
LdrLoadDll: Blocking load of 'nahimic2devprops.dll' -- see http://www.mozilla.com/en-US/blocklist/
LdrLoadDll: Blocking load of 'nahimic2osd.dll' -- see http://www.mozilla.com/en-US/blocklist/
LdrLoadDll: Blocking load of 'nahimic2devprops.dll' -- see http://www.mozilla.com/en-US/blocklist/
LdrLoadDll: Blocking load of 'nahimic2osd.dll' -- see http://www.mozilla.com/en-US/blocklist/
LdrLoadDll: Blocking load of 'nahimic2devprops.dll' -- see http://www.mozilla.com/en-US/blocklist/
LdrLoadDll: Blocking load of 'nahimic2osd.dll' -- see http://www.mozilla.com/en-US/blocklist/
console.warn: SearchSettings: "get: No settings file exists, new profile?" (new Error("", "(unknown module)"))
LdrLoadDll: Blocking load of 'nahimic2devprops.dll' -- see http://www.mozilla.com/en-US/blocklist/
LdrLoadDll: Blocking load of 'nahimic2osd.dll' -- see http://www.mozilla.com/en-US/blocklist/
LdrLoadDll: Blocking load of 'nahimic2devprops.dll' -- see http://www.mozilla.com/en-US/blocklist/
LdrLoadDll: Blocking load of 'nahimic2osd.dll' -- see http://www.mozilla.com/en-US/blocklist/
1614702161494	Marionette	INFO	Listening on port 64122
1614702161563	Marionette	WARN	TLS certificate errors will be ignored for this session
1614702161578	Marionette	ERROR	[18] No reply from Marionette:Register
console.warn: SearchSettings: "get: No settings file exists, new profile?" (new Error("", "(unknown module)"))
1614702164039	Marionette	WARN	Ignoring event 'pageshow' because document has an invalid readyState of 'uninitialized'.

###!!! [Parent][RunMessage] Error: Channel closing: too late to send/recv, messages will be lost


###!!! [Parent][RunMessage] Error: Channel closing: too late to send/recv, messages will be lost


###!!! [Parent][RunMessage] Error: Channel closing: too late to send/recv, messages will be lost

1614702172514	Marionette	INFO	Stopped listening on port 64122
LdrLoadDll: Blocking load of 'nahimic2devprops.dll' -- see http://www.mozilla.com/en-US/blocklist/
LdrLoadDll: Blocking load of 'nahimic2osd.dll' -- see http://www.mozilla.com/en-US/blocklist/
LdrLoadDll: Blocking load of 'nahimic2devprops.dll' -- see http://www.mozilla.com/en-US/blocklist/
LdrLoadDll: Blocking load of 'nahimic2osd.dll' -- see http://www.mozilla.com/en-US/blocklist/
LdrLoadDll: Blocking load of 'nahimic2devprops.dll' -- see http://www.mozilla.com/en-US/blocklist/
LdrLoadDll: Blocking load of 'nahimic2osd.dll' -- see http://www.mozilla.com/en-US/blocklist/

###!!! [Child][RunMessage] Error: Channel closing: too late to send/recv, messages will be lost

